<?xml version="1.0" encoding="UTF-8"?>
<!-- Generated by org.testng.reporters.JUnitReportReporter -->
<testsuite hostname="DESKTOP-I59386F" failures="0" tests="2" name="Day6.SeralizationAndDeserialization" time="0.414" errors="0" timestamp="2023-03-26T13:03:05 IST" skipped="0">
  <testcase classname="Day6.SeralizationAndDeserialization" name="JsonToPojoObject" time="0.380"/>
  <system-out/>
  <testcase classname="Day6.SeralizationAndDeserialization" name="serialization" time="0.034"/>
  <system-out/>
</testsuite> <!-- Day6.SeralizationAndDeserialization -->
