<?xml version="1.0" encoding="UTF-8"?>
<!-- Generated by org.testng.reporters.JUnitReportReporter -->
<testsuite hostname="DESKTOP-I59386F" failures="0" tests="1" name="Day2.CreateByJsonData" time="2.908" errors="0" timestamp="2023-03-19T22:03:12 IST" skipped="0">
  <testcase classname="Day2.CreateByJsonData" name="m1" time="2.908"/>
  <system-out/>
</testsuite> <!-- Day2.CreateByJsonData -->
