<?xml version="1.0" encoding="UTF-8"?>
<!-- Generated by org.testng.reporters.JUnitReportReporter -->
<testsuite hostname="DESKTOP-I59386F" failures="0" tests="1" name="GetAllCookies_Headers" time="3.624" errors="0" timestamp="2023-03-22T13:23:04 IST" skipped="0">
  <testcase classname="GetAllCookies_Headers" name="t1" time="3.624"/>
  <system-out/>
</testsuite> <!-- GetAllCookies_Headers -->
