<?xml version="1.0" encoding="UTF-8"?>
<!-- Generated by org.testng.reporters.JUnitReportReporter -->
<testsuite hostname="DESKTOP-I59386F" failures="0" tests="1" name="Day5.fetchingMultipleData" time="3.950" errors="0" timestamp="2023-03-24T13:01:57 IST" skipped="0">
  <testcase classname="Day5.fetchingMultipleData" name="m1" time="3.950"/>
  <system-out/>
</testsuite> <!-- Day5.fetchingMultipleData -->
