<?xml version="1.0" encoding="UTF-8"?>
<!-- Generated by org.testng.reporters.JUnitReportReporter -->
<testsuite hostname="DESKTOP-I59386F" failures="0" tests="1" name="Day3.multipleCookie" time="4.028" errors="0" timestamp="2023-03-20T22:39:28 IST" skipped="0">
  <testcase classname="Day3.multipleCookie" name="mulCooki" time="4.028"/>
  <system-out/>
</testsuite> <!-- Day3.multipleCookie -->
