<?xml version="1.0" encoding="UTF-8"?>
<!-- Generated by org.testng.reporters.JUnitReportReporter -->
<testsuite hostname="DESKTOP-I59386F" failures="0" tests="1" name="Day3.HeadersValidate" time="4.638" errors="0" timestamp="2023-03-20T23:38:10 IST" skipped="0">
  <testcase classname="Day3.HeadersValidate" name="m1" time="4.638"/>
  <system-out/>
</testsuite> <!-- Day3.HeadersValidate -->
