<?xml version="1.0" encoding="UTF-8"?>
<!-- Generated by org.testng.reporters.JUnitReportReporter -->
<testsuite hostname="DESKTOP-I59386F" failures="0" tests="1" name="Day7.AutoGenerateDataByFaker" time="0.390" errors="0" timestamp="2023-03-29T13:38:23 IST" skipped="0">
  <testcase classname="Day7.AutoGenerateDataByFaker" name="m1" time="0.390"/>
  <system-out/>
</testsuite> <!-- Day7.AutoGenerateDataByFaker -->
