<?xml version="1.0" encoding="UTF-8"?>
<!-- Generated by org.testng.reporters.JUnitReportReporter -->
<testsuite hostname="DESKTOP-I59386F" failures="0" tests="2" name="Day1.CreateUpdate" time="7.586" errors="0" timestamp="2023-03-26T14:18:24 IST" skipped="0">
  <testcase classname="Day1.CreateUpdate" name="m1" time="6.168"/>
  <system-out/>
  <testcase classname="Day1.CreateUpdate" name="m2" time="1.418"/>
  <system-out/>
</testsuite> <!-- Day1.CreateUpdate -->
