<?xml version="1.0" encoding="UTF-8"?>
<!-- Generated by org.testng.reporters.JUnitReportReporter -->
<testsuite hostname="DESKTOP-I59386F" failures="0" tests="1" name="Day3.CheckQuerryAndPathParameter" time="4.643" errors="0" timestamp="2023-03-20T22:07:38 IST" skipped="0">
  <testcase classname="Day3.CheckQuerryAndPathParameter" name="TestQueryAndPathParameters" time="4.643"/>
  <system-out/>
</testsuite> <!-- Day3.CheckQuerryAndPathParameter -->
