<?xml version="1.0" encoding="UTF-8"?>
<!-- Generated by org.testng.reporters.JUnitReportReporter -->
<testsuite hostname="DESKTOP-I59386F" failures="0" tests="1" name="Day5.FetchingResponsexml" time="3.728" errors="0" timestamp="2023-03-23T14:04:50 IST" skipped="0">
  <testcase classname="Day5.FetchingResponsexml" name="xmlValidate" time="3.728"/>
  <system-out/>
</testsuite> <!-- Day5.FetchingResponsexml -->
