<?xml version="1.0" encoding="UTF-8"?>
<!-- Generated by org.testng.reporters.JUnitReportReporter -->
<testsuite hostname="DESKTOP-I59386F" failures="0" tests="1" name="Day4.FetchAllTitle" time="2.468" errors="0" timestamp="2023-03-22T21:46:49 IST" skipped="0">
  <testcase classname="Day4.FetchAllTitle" name="fetchdataFromObject" time="2.468"/>
  <system-out/>
</testsuite> <!-- Day4.FetchAllTitle -->
