<?xml version="1.0" encoding="UTF-8"?>
<!-- Generated by org.testng.reporters.JUnitReportReporter -->
<testsuite hostname="DESKTOP-I59386F" failures="0" tests="1" name="Day4.ParsingJsonResponseData" time="3.898" errors="0" timestamp="2023-03-22T14:12:58 IST" skipped="0">
  <testcase classname="Day4.ParsingJsonResponseData" name="validateResponse" time="3.898"/>
  <system-out/>
</testsuite> <!-- Day4.ParsingJsonResponseData -->
