<?xml version="1.0" encoding="UTF-8"?>
<!-- Generated by org.testng.reporters.JUnitReportReporter -->
<testsuite hostname="DESKTOP-I59386F" failures="0" tests="1" name="Day4.ValidatePerticularbook" time="2.690" errors="0" timestamp="2023-03-22T22:53:53 IST" skipped="0">
  <testcase classname="Day4.ValidatePerticularbook" name="fetchdataFromObject" time="2.690"/>
  <system-out/>
</testsuite> <!-- Day4.ValidatePerticularbook -->
