<?xml version="1.0" encoding="UTF-8"?>
<!-- Generated by org.testng.reporters.JUnitReportReporter -->
<testsuite hostname="DESKTOP-I59386F" failures="0" tests="3" name="Day7.BasicAuthclass" time="17.731" errors="0" timestamp="2023-03-26T14:51:00 IST" skipped="0">
  <testcase classname="Day7.BasicAuthclass" name="m2" time="5.466"/>
  <system-out/>
  <testcase classname="Day7.BasicAuthclass" name="m3" time="3.532"/>
  <system-out/>
  <testcase classname="Day7.BasicAuthclass" name="m1" time="8.733"/>
  <system-out/>
</testsuite> <!-- Day7.BasicAuthclass -->
