<?xml version="1.0" encoding="UTF-8"?>
<!-- Generated by org.testng.reporters.JUnitReportReporter -->
<testsuite hostname="DESKTOP-I59386F" failures="0" tests="1" name="Day3.FetchSingleCookie" time="3.832" errors="0" timestamp="2023-03-20T22:30:19 IST" skipped="0">
  <testcase classname="Day3.FetchSingleCookie" name="m1" time="3.832"/>
  <system-out/>
</testsuite> <!-- Day3.FetchSingleCookie -->
