<?xml version="1.0" encoding="UTF-8"?>
<!-- Generated by org.testng.reporters.JUnitReportReporter -->
<testsuite hostname="DESKTOP-I59386F" failures="0" tests="1" name="Day5.FetchingDataWithResponse" time="3.435" errors="0" timestamp="2023-03-23T14:47:15 IST" skipped="0">
  <testcase classname="Day5.FetchingDataWithResponse" name="FetchData" time="3.435"/>
  <system-out/>
</testsuite> <!-- Day5.FetchingDataWithResponse -->
