<?xml version="1.0" encoding="UTF-8"?>
<!-- Generated by org.testng.reporters.JUnitReportReporter -->
<testsuite hostname="DESKTOP-I59386F" failures="0" tests="1" name="Day4.ValidationOfMultipleData" time="3.554" errors="0" timestamp="2023-03-22T20:18:52 IST" skipped="0">
  <testcase classname="Day4.ValidationOfMultipleData" name="variableValidation" time="3.554"/>
  <system-out/>
</testsuite> <!-- Day4.ValidationOfMultipleData -->
