<?xml version="1.0" encoding="UTF-8"?>
<!-- Generated by org.testng.reporters.JUnitReportReporter -->
<testsuite hostname="DESKTOP-I59386F" failures="0" tests="1" name="Day2.FetchPoJoData" time="3.669" errors="0" timestamp="2023-04-12T22:48:17 IST" skipped="0">
  <testcase classname="Day2.FetchPoJoData" name="m1" time="3.669"/>
  <system-out/>
</testsuite> <!-- Day2.FetchPoJoData -->
