<?xml version="1.0" encoding="UTF-8"?>
<!-- Generated by org.testng.reporters.JUnitReportReporter -->
<testsuite hostname="DESKTOP-I59386F" failures="0" tests="1" name="Day3.MultipleHeaders" time="3.493" errors="0" timestamp="2023-03-22T13:16:46 IST" skipped="0">
  <testcase classname="Day3.MultipleHeaders" name="allHeaders" time="3.493"/>
  <system-out/>
</testsuite> <!-- Day3.MultipleHeaders -->
